2025/06/12 17:36:14 🚀 Server started at :8080
2025/06/12 17:36:41 🚀 Server started at :8080
2025/06/12 17:38:08 ❌ Signature verification failed
2025/06/12 17:38:18 ❌ Signature verification failed
2025/06/12 17:38:38 ❌ Signature verification failed
2025/06/12 17:38:39 ❌ Signature verification failed
2025/06/12 17:38:41 ❌ Signature verification failed
2025/06/12 17:38:48 ❌ Signature verification failed
2025/06/12 17:38:50 ❌ Signature verification failed
2025/06/12 17:39:21 ❌ Signature verification failed
2025/06/12 17:39:21 ❌ Signature verification failed
2025/06/12 17:39:42 ❌ Signature verification failed
2025/06/12 17:39:42 ❌ Signature verification failed
2025/06/12 17:39:59 🚀 Server started at :8080
2025/06/12 17:40:01 ❌ Signature verification failed
2025/06/12 17:40:02 ❌ Signature verification failed
2025/06/12 17:40:35 ❌ Signature verification failed
2025/06/12 17:40:36 ❌ Signature verification failed
2025/06/12 17:45:33 🚀 Server started at :8080
2025/06/12 17:45:33 Timestamp: 1749725131
2025/06/12 17:45:33 Received signature: MEUCIQDOMjqJdMg+H0LtzdegU5RyPRe3FPHfzaFsz202jtiM+wIgLp93X536DcgcpYwc5sjXJS58Km4cj6bCqDech4ahE/0=
2025/06/12 17:45:33 Expected signature: t4hVlmisczxb1j4eTRs5MhVyX2P6zJLMIaZtzrLmYO4=
2025/06/12 17:45:33 ❌ Signature verification failed
2025/06/12 17:45:48 Timestamp: 1749725148
2025/06/12 17:45:48 Received signature: MEYCIQCnQ93K6AiABI9bdnQhcv34zHl2DI6av/zKtCQUSWJoPQIhAP+mKV44VOejsSlvpVf0vbosnc6flfZKpMMBWWFLx2Ow
2025/06/12 17:45:48 Expected signature: 5UqkRgtgvc6RvayWXXsNFpkdkRVwCdo62peYr1bWpts=
2025/06/12 17:45:48 ❌ Signature verification failed
2025/06/12 17:46:22 Timestamp: 1749725181
2025/06/12 17:46:22 Received signature: MEUCIEigf4uPb4iS9uzPwWOG2F09bNEu3Bv+Z5Kf75WxTJYFAiEArb3y44CpIc7r1P8oTddMrlMzW/tcHfqVKFZALh/GhQw=
2025/06/12 17:46:22 Expected signature: nNkaKTam/JDd/fSWG7YyRNLC1aurMHgb6hUycvx1sMc=
2025/06/12 17:46:22 ❌ Signature verification failed
2025/06/12 17:46:23 Timestamp: 1749725181
2025/06/12 17:46:23 Received signature: MEUCIEigf4uPb4iS9uzPwWOG2F09bNEu3Bv+Z5Kf75WxTJYFAiEArb3y44CpIc7r1P8oTddMrlMzW/tcHfqVKFZALh/GhQw=
2025/06/12 17:46:23 Expected signature: nNkaKTam/JDd/fSWG7YyRNLC1aurMHgb6hUycvx1sMc=
2025/06/12 17:46:23 ❌ Signature verification failed
2025/06/12 17:46:30 Timestamp: 1749725189
2025/06/12 17:46:30 Received signature: MEUCICsiz5DKpUGFA2XZZImDqhHwlGWMsNNAXivqpmqVL6HGAiEA4QPOgIrpJPKBqK08ozWOcDDGoyqoNwcq/zd66xnbsfg=
2025/06/12 17:46:30 Expected signature: RHrusK7Hx/YJ2u+Xb2/DvROsIPI8MPk+8F2myOPlNBc=
2025/06/12 17:46:30 ❌ Signature verification failed
2025/06/12 17:46:31 Timestamp: 1749725189
2025/06/12 17:46:31 Received signature: MEUCICsiz5DKpUGFA2XZZImDqhHwlGWMsNNAXivqpmqVL6HGAiEA4QPOgIrpJPKBqK08ozWOcDDGoyqoNwcq/zd66xnbsfg=
2025/06/12 17:46:31 Expected signature: RHrusK7Hx/YJ2u+Xb2/DvROsIPI8MPk+8F2myOPlNBc=
2025/06/12 17:46:31 ❌ Signature verification failed
2025/06/12 17:47:07 Timestamp: 1749725226
2025/06/12 17:47:07 Received signature: MEQCIBx4a3HO+4OoGHoP3q7A0rDpIokTcFi72efPyB0K7hs2AiBqwdMJS+elWDfuQggr2C/BbrxY/smmyo2VTfaGNHUz8w==
2025/06/12 17:47:07 Expected signature: J68afoRmwWoJMZyvV8EmtMEUPzb27DURLOEoVsZoS9w=
2025/06/12 17:47:07 ❌ Signature verification failed
2025/06/12 17:47:07 Timestamp: 1749725226
2025/06/12 17:47:07 Received signature: MEQCIBx4a3HO+4OoGHoP3q7A0rDpIokTcFi72efPyB0K7hs2AiBqwdMJS+elWDfuQggr2C/BbrxY/smmyo2VTfaGNHUz8w==
2025/06/12 17:47:07 Expected signature: J68afoRmwWoJMZyvV8EmtMEUPzb27DURLOEoVsZoS9w=
2025/06/12 17:47:07 ❌ Signature verification failed
2025/06/12 17:47:36 Timestamp: 1749725255
2025/06/12 17:47:36 Received signature: MEQCIGBEhrSnTRYlN5L93uz9PYoGyCm9F4u+LpWbC78XF8O1AiABUJ3AlhU+/djSGycti0V6/3MnlR2dcEU9NQ58Zm6X+A==
2025/06/12 17:47:36 Expected signature: AX8o1h3SRrdnuwZyoqdDNWERTT9e7ejZRuh1MvTx7AQ=
2025/06/12 17:47:36 ❌ Signature verification failed
2025/06/12 17:47:37 Timestamp: 1749725255
2025/06/12 17:47:37 Received signature: MEQCIGBEhrSnTRYlN5L93uz9PYoGyCm9F4u+LpWbC78XF8O1AiABUJ3AlhU+/djSGycti0V6/3MnlR2dcEU9NQ58Zm6X+A==
2025/06/12 17:47:37 Expected signature: AX8o1h3SRrdnuwZyoqdDNWERTT9e7ejZRuh1MvTx7AQ=
2025/06/12 17:47:37 ❌ Signature verification failed
2025/06/12 17:47:37 Timestamp: 1749725256
2025/06/12 17:47:37 Received signature: MEUCIQDCrNWWvz3PLkUVXCbj+1cVaTCSIKBMZOSDxHcTtA4gcQIgU/GRjPfU6oSQNu4Rg1dt9785/wIjyBlvOuFcg6i/+4A=
2025/06/12 17:47:37 Expected signature: DraUh6jljAXiP7h4UZW7nxWktp7f6b3hlXoZVIR/+KU=
2025/06/12 17:47:37 ❌ Signature verification failed
2025/06/12 17:47:38 Timestamp: 1749725256
2025/06/12 17:47:38 Received signature: MEUCIQDCrNWWvz3PLkUVXCbj+1cVaTCSIKBMZOSDxHcTtA4gcQIgU/GRjPfU6oSQNu4Rg1dt9785/wIjyBlvOuFcg6i/+4A=
2025/06/12 17:47:38 Expected signature: DraUh6jljAXiP7h4UZW7nxWktp7f6b3hlXoZVIR/+KU=
2025/06/12 17:47:38 ❌ Signature verification failed
2025/06/12 17:47:48 Timestamp: 1749725267
2025/06/12 17:47:48 Received signature: MEQCIH6bzZL4SPcJeiGY+zYDdYZh5NzI0hW9BJugdnaPB4UeAiBjnQPwbDM88DlT6cTxLGwuKlvjfZ3JYL0G1+04p3srZg==
2025/06/12 17:47:48 Expected signature: RvfwmRAP0acAm66ADjUKJYV8i1t3Gq+ZV5VgJ2ZZ1sw=
2025/06/12 17:47:48 ❌ Signature verification failed
2025/06/12 17:47:48 Timestamp: 1749725267
2025/06/12 17:47:48 Received signature: MEQCIH6bzZL4SPcJeiGY+zYDdYZh5NzI0hW9BJugdnaPB4UeAiBjnQPwbDM88DlT6cTxLGwuKlvjfZ3JYL0G1+04p3srZg==
2025/06/12 17:47:48 Expected signature: RvfwmRAP0acAm66ADjUKJYV8i1t3Gq+ZV5VgJ2ZZ1sw=
2025/06/12 17:47:48 ❌ Signature verification failed
2025/06/12 17:47:48 Timestamp: 1749725267
2025/06/12 17:47:48 Received signature: MEUCIEEqsqih4POaiVlMvR+FThK9dddNpgb4YrdUsNKYxXNqAiEAgRak7vytiqlQ7Np2qAvxEKh/STyBTOk3JkjN2Q4W0SQ=
2025/06/12 17:47:48 Expected signature: Xy/jnuTSnQh6nVP0MqJggqEcxt05dUYAmEwnQztjQG8=
2025/06/12 17:47:48 ❌ Signature verification failed
2025/06/12 17:47:49 Timestamp: 1749725267
2025/06/12 17:47:49 Received signature: MEUCIEEqsqih4POaiVlMvR+FThK9dddNpgb4YrdUsNKYxXNqAiEAgRak7vytiqlQ7Np2qAvxEKh/STyBTOk3JkjN2Q4W0SQ=
2025/06/12 17:47:49 Expected signature: Xy/jnuTSnQh6nVP0MqJggqEcxt05dUYAmEwnQztjQG8=
2025/06/12 17:47:49 ❌ Signature verification failed
2025/06/12 17:48:07 Timestamp: 1749725286
2025/06/12 17:48:07 Received signature: MEYCIQDlJeZAlrp9qxgOJyC6TLOREiDem3CIvh/hGnL/RztuuAIhAK9vnTljE2GPWucPRCQ+GremfRHOTlo4frlg2M0cLXJV
2025/06/12 17:48:07 Expected signature: m9EVZpYTCE6I5EvFMoZAAuI69AMOdIEixjGyYOq32S8=
2025/06/12 17:48:07 ❌ Signature verification failed
2025/06/12 17:48:08 Timestamp: 1749725286
2025/06/12 17:48:08 Received signature: MEYCIQDlJeZAlrp9qxgOJyC6TLOREiDem3CIvh/hGnL/RztuuAIhAK9vnTljE2GPWucPRCQ+GremfRHOTlo4frlg2M0cLXJV
2025/06/12 17:48:08 Expected signature: m9EVZpYTCE6I5EvFMoZAAuI69AMOdIEixjGyYOq32S8=
2025/06/12 17:48:08 ❌ Signature verification failed
2025/06/12 17:48:34 Timestamp: 1749725313
2025/06/12 17:48:34 Received signature: MEUCICPhIY1nMVHG9VYJNskm4OfBEsT6jxKQ36aRTBgOH3JUAiEAxVRw53ZYfGanizAbC1u1fB8z4lB2k9dXdo2bLdpJYKQ=
2025/06/12 17:48:34 Expected signature: MX87EM3rvBmBuFF9UkYn2wRWughnwLzZr0NtphHDbF0=
2025/06/12 17:48:34 ❌ Signature verification failed
2025/06/12 17:48:35 Timestamp: 1749725313
2025/06/12 17:48:35 Received signature: MEUCICPhIY1nMVHG9VYJNskm4OfBEsT6jxKQ36aRTBgOH3JUAiEAxVRw53ZYfGanizAbC1u1fB8z4lB2k9dXdo2bLdpJYKQ=
2025/06/12 17:48:35 Expected signature: MX87EM3rvBmBuFF9UkYn2wRWughnwLzZr0NtphHDbF0=
2025/06/12 17:48:35 ❌ Signature verification failed
2025/06/12 17:49:18 Timestamp: 1749725357
2025/06/12 17:49:18 Received signature: MEUCIQDSfo8eroaOAAhZalipp3fhMSVLiifQokF8pe8okMjQ9wIgCLk3oZUspy/V8bYfXir4nPpWI+Zxp98a/2xamWLUiH4=
2025/06/12 17:49:18 Expected signature: ORIC43T097NJlVYDTa37KyLagopDmFy7uBpVUkdg9dA=
2025/06/12 17:49:18 ❌ Signature verification failed
2025/06/12 17:49:19 Timestamp: 1749725357
2025/06/12 17:49:19 Received signature: MEUCIQDSfo8eroaOAAhZalipp3fhMSVLiifQokF8pe8okMjQ9wIgCLk3oZUspy/V8bYfXir4nPpWI+Zxp98a/2xamWLUiH4=
2025/06/12 17:49:19 Expected signature: ORIC43T097NJlVYDTa37KyLagopDmFy7uBpVUkdg9dA=
2025/06/12 17:49:19 ❌ Signature verification failed
2025/06/12 17:50:19 Timestamp: 1749725418
2025/06/12 17:50:19 Received signature: MEUCIBa2zS1OK4f39DElxnrhiOGfopmYY6wYrVvdzAQriK1AAiEAqBMrdsNlNFVggfUZI/GU/DPqgSTLhD3FAtygSuuNufw=
2025/06/12 17:50:19 Expected signature: I2u2cH4M9I1hqzVpuPcsSKN3UJ3PObiwyXkniFYpNRQ=
2025/06/12 17:50:19 ❌ Signature verification failed
2025/06/12 17:50:20 Timestamp: 1749725418
2025/06/12 17:50:20 Received signature: MEUCIBa2zS1OK4f39DElxnrhiOGfopmYY6wYrVvdzAQriK1AAiEAqBMrdsNlNFVggfUZI/GU/DPqgSTLhD3FAtygSuuNufw=
2025/06/12 17:50:20 Expected signature: I2u2cH4M9I1hqzVpuPcsSKN3UJ3PObiwyXkniFYpNRQ=
2025/06/12 17:50:20 ❌ Signature verification failed
2025/06/12 17:51:10 Timestamp: 1749725469
2025/06/12 17:51:10 Received signature: MEQCIGalsSfUgXC8TbXlqCZGHExbiQYp4TmJrGwC/qMde0a6AiBd+dLG8xAhriJKw1WuPyetdwLi5E97iiALm0S2jiTSiw==
2025/06/12 17:51:10 Expected signature: whX5QjQgdpEu3yoWg1znS7bBWfzvX0vqDRLu9bFp8Rs=
2025/06/12 17:51:10 ❌ Signature verification failed
2025/06/12 17:51:11 Timestamp: 1749725469
2025/06/12 17:51:11 Received signature: MEQCIGalsSfUgXC8TbXlqCZGHExbiQYp4TmJrGwC/qMde0a6AiBd+dLG8xAhriJKw1WuPyetdwLi5E97iiALm0S2jiTSiw==
2025/06/12 17:51:11 Expected signature: whX5QjQgdpEu3yoWg1znS7bBWfzvX0vqDRLu9bFp8Rs=
2025/06/12 17:51:11 ❌ Signature verification failed
2025/06/12 17:51:23 Timestamp: 1749725483
2025/06/12 17:51:23 Received signature: MEUCIQClQPEIXzX7sjKBDsUDBHmOVEvUeUx+p3JhD6dEhymjDgIgfy6Ye+rxklEbkjWAqjZXULR9fYcSx/cByAZuuHfIXIQ=
2025/06/12 17:51:23 Expected signature: AXnITwPyjxy0lHz3Y0wBEkglZFDXPblXkOQk+JYHaqA=
2025/06/12 17:51:23 ❌ Signature verification failed
2025/06/12 17:51:24 Timestamp: 1749725483
2025/06/12 17:51:24 Received signature: MEUCIQClQPEIXzX7sjKBDsUDBHmOVEvUeUx+p3JhD6dEhymjDgIgfy6Ye+rxklEbkjWAqjZXULR9fYcSx/cByAZuuHfIXIQ=
2025/06/12 17:51:24 Expected signature: AXnITwPyjxy0lHz3Y0wBEkglZFDXPblXkOQk+JYHaqA=
2025/06/12 17:51:24 ❌ Signature verification failed
2025/06/12 17:51:53 Timestamp: 1749725512
2025/06/12 17:51:53 Received signature: MEUCIQC1yY24lBZrvRZTVHlBGF+Rft80CcNV/AXPCeA1qVB9RgIgXgpL0W1R2sqUOFE/gJcQMHoD8YiovywicCIj1+h+jmo=
2025/06/12 17:51:53 Expected signature: Ps9vbbGTdIwhH5R+SABrhPmlR4GV+xyIVWMrJ6vKV1s=
2025/06/12 17:51:53 ❌ Signature verification failed
2025/06/12 17:51:53 Timestamp: 1749725512
2025/06/12 17:51:53 Received signature: MEUCIQC1yY24lBZrvRZTVHlBGF+Rft80CcNV/AXPCeA1qVB9RgIgXgpL0W1R2sqUOFE/gJcQMHoD8YiovywicCIj1+h+jmo=
2025/06/12 17:51:53 Expected signature: Ps9vbbGTdIwhH5R+SABrhPmlR4GV+xyIVWMrJ6vKV1s=
2025/06/12 17:51:53 ❌ Signature verification failed
2025/06/12 17:53:18 🚀 Server started at :8080
2025/06/12 17:53:41 📝 Raw webhook payload: [{"email":"651463018@crru.ac.th","event":"delivered","ip":"159.183.224.105","response":"250 2.0.0 OK  1749725619 d9443c01a7336-2364e737685si17225105ad.527 - gsmtp","sg_event_id":"ZGVsaXZlcmVkLTAtNTMzNTc1NDUtQUVqZFA3aXRRSktYZFZIaW44RE55US0w","sg_message_id":"AEjdP7itQJKXdVHin8DNyQ.recvd-7fd96f4944-kskzt-1-684AB1AF-B.0","smtp-id":"<AEjdP7itQJKXdVHin8DNyQ@geopod-ismtpd-6>","timestamp":1749725619,"tls":1},
{"email":"651463018@crru.ac.th","event":"processed","send_at":0,"sg_event_id":"cHJvY2Vzc2VkLTUzMzU3NTQ1LUFFamRQN2l0UUpLWGRWSGluOEROeVEtMA","sg_message_id":"AEjdP7itQJKXdVHin8DNyQ.recvd-7fd96f4944-kskzt-1-684AB1AF-B.0","smtp-id":"<AEjdP7itQJKXdVHin8DNyQ@geopod-ismtpd-6>","timestamp":1749725615}]
2025/06/12 17:53:41 📨 Event Details:
  Event Type: delivered
  Email: 651463018@crru.ac.th
  Timestamp: 1749725619
  Message ID: AEjdP7itQJKXdVHin8DNyQ.recvd-7fd96f4944-kskzt-1-684AB1AF-B.0
  Category: <nil>
  Status: 
  Reason: 
  IP: 159.183.224.105
  User Agent: 
2025/06/12 17:53:41 📨 Event Details:
  Event Type: processed
  Email: 651463018@crru.ac.th
  Timestamp: 1749725615
  Message ID: AEjdP7itQJKXdVHin8DNyQ.recvd-7fd96f4944-kskzt-1-684AB1AF-B.0
  Category: <nil>
  Status: 
  Reason: 
  IP: 
  User Agent: 
2025/06/12 17:53:41 ✅ Successfully processed 2 events
2025/06/12 17:54:30 📝 Raw webhook payload: [{"email":"651463018@crru.ac.th","event":"delivered","ip":"149.72.123.24","response":"250 2.0.0 OK  1749725079 af79cd13be357-7d3b8f30639si47112985a.521 - gsmtp","sg_event_id":"ZGVsaXZlcmVkLTAtNTMzNTc1NDUtQ1liTUVBU3pUS3luLUJqN0tsSXRhUS0w","sg_message_id":"CYbMEASzTKyn-Bj7KlItaQ.recvd-65696df74f-prvq8-1-684AAF96-3D.0","smtp-id":"<CYbMEASzTKyn-Bj7KlItaQ@geopod-ismtpd-5>","timestamp":1749725079,"tls":1},
{"email":"651463018@crru.ac.th","event":"processed","send_at":0,"sg_event_id":"cHJvY2Vzc2VkLTUzMzU3NTQ1LUNZYk1FQVN6VEt5bi1CajdLbEl0YVEtMA","sg_message_id":"CYbMEASzTKyn-Bj7KlItaQ.recvd-65696df74f-prvq8-1-684AAF96-3D.0","smtp-id":"<CYbMEASzTKyn-Bj7KlItaQ@geopod-ismtpd-5>","timestamp":1749725078}]
2025/06/12 17:54:30 📨 Event Details:
  Event Type: delivered
  Email: 651463018@crru.ac.th
  Timestamp: 1749725079
  Message ID: CYbMEASzTKyn-Bj7KlItaQ.recvd-65696df74f-prvq8-1-684AAF96-3D.0
  Category: <nil>
  Status: 
  Reason: 
  IP: 149.72.123.24
  User Agent: 
2025/06/12 17:54:30 📨 Event Details:
  Event Type: processed
  Email: 651463018@crru.ac.th
  Timestamp: 1749725078
  Message ID: CYbMEASzTKyn-Bj7KlItaQ.recvd-65696df74f-prvq8-1-684AAF96-3D.0
  Category: <nil>
  Status: 
  Reason: 
  IP: 
  User Agent: 
2025/06/12 17:54:30 ✅ Successfully processed 2 events
2025/06/12 17:55:38 📝 Raw webhook payload: [{"email":"651463018@crru.ac.th","event":"delivered","ip":"149.72.123.24","response":"250 2.0.0 OK  1749725144 af79cd13be357-7d3b8ecc79bsi48498985a.310 - gsmtp","sg_event_id":"ZGVsaXZlcmVkLTAtNTMzNTc1NDUtSnR4b0w4UThTZW1NN3dMc0YtQS1vQS0w","sg_message_id":"JtxoL8Q8SemM7wLsF-A-oA.recvd-7f4fb8995-fd4g2-1-684AAFD8-20.0","smtp-id":"<JtxoL8Q8SemM7wLsF-A-oA@geopod-ismtpd-16>","timestamp":1749725144,"tls":1},
{"email":"651463018@crru.ac.th","event":"processed","send_at":0,"sg_event_id":"cHJvY2Vzc2VkLTUzMzU3NTQ1LUp0eG9MOFE4U2VtTTd3THNGLUEtb0EtMA","sg_message_id":"JtxoL8Q8SemM7wLsF-A-oA.recvd-7f4fb8995-fd4g2-1-684AAFD8-20.0","smtp-id":"<JtxoL8Q8SemM7wLsF-A-oA@geopod-ismtpd-16>","timestamp":1749725144}]
2025/06/12 17:55:38 📨 Event Details:
  Event Type: delivered
  Email: 651463018@crru.ac.th
  Timestamp: 1749725144
  Message ID: JtxoL8Q8SemM7wLsF-A-oA.recvd-7f4fb8995-fd4g2-1-684AAFD8-20.0
  Category: <nil>
  Status: 
  Reason: 
  IP: 149.72.123.24
  User Agent: 
2025/06/12 17:55:38 📨 Event Details:
  Event Type: processed
  Email: 651463018@crru.ac.th
  Timestamp: 1749725144
  Message ID: JtxoL8Q8SemM7wLsF-A-oA.recvd-7f4fb8995-fd4g2-1-684AAFD8-20.0
  Category: <nil>
  Status: 
  Reason: 
  IP: 
  User Agent: 
2025/06/12 17:55:38 ✅ Successfully processed 2 events
2025/06/12 17:55:48 📝 Raw webhook payload: [{"email":"651463018@crru.ac.th","event":"processed","send_at":0,"sg_event_id":"cHJvY2Vzc2VkLTUzMzU3NTQ1LVdjeng5a20yUzRhSENXeVV3T3kxLUEtMA","sg_message_id":"Wczx9km2S4aHCWyUwOy1-A.recvd-7d86b8fd66-rvwcz-1-684AAE0F-1.0","smtp-id":"<Wczx9km2S4aHCWyUwOy1-A@geopod-ismtpd-12>","timestamp":1749724687}]
2025/06/12 17:55:48 📨 Event Details:
  Event Type: processed
  Email: 651463018@crru.ac.th
  Timestamp: 1749724687
  Message ID: Wczx9km2S4aHCWyUwOy1-A.recvd-7d86b8fd66-rvwcz-1-684AAE0F-1.0
  Category: <nil>
  Status: 
  Reason: 
  IP: 
  User Agent: 
2025/06/12 17:55:48 ✅ Successfully processed 1 events
2025/06/12 17:56:00 📝 Raw webhook payload: [{"email":"651463018@crru.ac.th","event":"delivered","ip":"149.72.154.232","response":"250 2.0.0 OK  1749724697 6a1803df08f44-6fb35bded69si14037966d6.161 - gsmtp","sg_event_id":"ZGVsaXZlcmVkLTAtNTMzNTc1NDUtV2N6eDlrbTJTNGFIQ1d5VXdPeTEtQS0w","sg_message_id":"Wczx9km2S4aHCWyUwOy1-A.recvd-7d86b8fd66-rvwcz-1-684AAE0F-1.0","smtp-id":"<Wczx9km2S4aHCWyUwOy1-A@geopod-ismtpd-12>","timestamp":1749724697,"tls":1}]
2025/06/12 17:56:00 📨 Event Details:
  Event Type: delivered
  Email: 651463018@crru.ac.th
  Timestamp: 1749724697
  Message ID: Wczx9km2S4aHCWyUwOy1-A.recvd-7d86b8fd66-rvwcz-1-684AAE0F-1.0
  Category: <nil>
  Status: 
  Reason: 
  IP: 149.72.154.232
  User Agent: 
2025/06/12 17:56:00 ✅ Successfully processed 1 events
2025/06/12 17:56:49 📝 Raw webhook payload: [{"email":"651463018@crru.ac.th","event":"open","ip":"66.249.84.193","sg_content_type":"html","sg_event_id":"dd559izUSR-NJ3cEKXw8lA","sg_machine_open":false,"sg_message_id":"Wczx9km2S4aHCWyUwOy1-A.recvd-7d86b8fd66-rvwcz-1-684AAE0F-1.0","timestamp":1749724705,"useragent":"Mozilla/5.0 (Windows NT 5.1; rv:11.0) Gecko Firefox/11.0 (via ggpht.com GoogleImageProxy)"}]
2025/06/12 17:56:49 📨 Event Details:
  Event Type: open
  Email: 651463018@crru.ac.th
  Timestamp: 1749724705
  Message ID: Wczx9km2S4aHCWyUwOy1-A.recvd-7d86b8fd66-rvwcz-1-684AAE0F-1.0
  Category: <nil>
  Status: 
  Reason: 
  IP: 66.249.84.193
  User Agent: Mozilla/5.0 (Windows NT 5.1; rv:11.0) Gecko Firefox/11.0 (via ggpht.com GoogleImageProxy)
2025/06/12 17:56:49 ✅ Successfully processed 1 events
2025/06/12 17:59:17 📝 Raw webhook payload: [{"email":"651463018@crru.ac.th","event":"open","ip":"66.249.84.197","sg_content_type":"html","sg_event_id":"4Hrq0OILSoq2Q4t0LzBIfw","sg_machine_open":false,"sg_message_id":"Wczx9km2S4aHCWyUwOy1-A.recvd-7d86b8fd66-rvwcz-1-684AAE0F-1.0","timestamp":1749724887,"useragent":"Mozilla/5.0 (Windows NT 5.1; rv:11.0) Gecko Firefox/11.0 (via ggpht.com GoogleImageProxy)"}]
2025/06/12 17:59:17 📨 Event Details:
  Event Type: open
  Email: 651463018@crru.ac.th
  Timestamp: 1749724887
  Message ID: Wczx9km2S4aHCWyUwOy1-A.recvd-7d86b8fd66-rvwcz-1-684AAE0F-1.0
  Category: <nil>
  Status: 
  Reason: 
  IP: 66.249.84.197
  User Agent: Mozilla/5.0 (Windows NT 5.1; rv:11.0) Gecko Firefox/11.0 (via ggpht.com GoogleImageProxy)
2025/06/12 17:59:17 ✅ Successfully processed 1 events
2025/06/12 18:00:00 📝 Raw webhook payload: [{"email":"651463018@crru.ac.th","event":"click","ip":"223.206.40.233","sg_event_id":"bHKJoObnQg60yCxkTnr9gQ","sg_message_id":"Wczx9km2S4aHCWyUwOy1-A.recvd-7d86b8fd66-rvwcz-1-684AAE0F-1.0","timestamp":1749724890,"url":"https://www.google.com","url_offset":{"index":0,"type":"html"},"useragent":"Mozilla/5.0 (iPhone; CPU iPhone OS 18_5 like Mac OS X) AppleWebKit/605.1.15 (KHTML, like Gecko) Version/18.5 Mobile/15E148 Safari/604.1"}]
2025/06/12 18:00:00 📨 Event Details:
  Event Type: click
  Email: 651463018@crru.ac.th
  Timestamp: 1749724890
  Message ID: Wczx9km2S4aHCWyUwOy1-A.recvd-7d86b8fd66-rvwcz-1-684AAE0F-1.0
  Category: <nil>
  Status: 
  Reason: 
  IP: 223.206.40.233
  User Agent: Mozilla/5.0 (iPhone; CPU iPhone OS 18_5 like Mac OS X) AppleWebKit/605.1.15 (KHTML, like Gecko) Version/18.5 Mobile/15E148 Safari/604.1
2025/06/12 18:00:00 ✅ Successfully processed 1 events
2025/06/12 18:01:09 📝 Raw webhook payload: [{"email":"651463018@crru.ac.th","event":"open","ip":"66.249.84.203","sg_content_type":"html","sg_event_id":"BgvwCpbpRMGp1tYqT21Dgw","sg_machine_open":false,"sg_message_id":"AEjdP7itQJKXdVHin8DNyQ.recvd-7fd96f4944-kskzt-1-684AB1AF-B.0","timestamp":1749726056,"useragent":"Mozilla/5.0 (Windows NT 5.1; rv:11.0) Gecko Firefox/11.0 (via ggpht.com GoogleImageProxy)"}]
2025/06/12 18:01:09 📨 Event Details:
  Event Type: open
  Email: 651463018@crru.ac.th
  Timestamp: 1749726056
  Message ID: AEjdP7itQJKXdVHin8DNyQ.recvd-7fd96f4944-kskzt-1-684AB1AF-B.0
  Category: <nil>
  Status: 
  Reason: 
  IP: 66.249.84.203
  User Agent: Mozilla/5.0 (Windows NT 5.1; rv:11.0) Gecko Firefox/11.0 (via ggpht.com GoogleImageProxy)
2025/06/12 18:01:09 ✅ Successfully processed 1 events
2025/06/12 18:01:20 📝 Raw webhook payload: [{"email":"651463018@crru.ac.th","event":"open","ip":"66.249.84.199","sg_content_type":"html","sg_event_id":"C5GaqtTxRQ-ExzNc6N5nAA","sg_machine_open":false,"sg_message_id":"AEjdP7itQJKXdVHin8DNyQ.recvd-7fd96f4944-kskzt-1-684AB1AF-B.0","timestamp":1749726060,"useragent":"Mozilla/5.0 (Windows NT 5.1; rv:11.0) Gecko Firefox/11.0 (via ggpht.com GoogleImageProxy)"}]
2025/06/12 18:01:20 📨 Event Details:
  Event Type: open
  Email: 651463018@crru.ac.th
  Timestamp: 1749726060
  Message ID: AEjdP7itQJKXdVHin8DNyQ.recvd-7fd96f4944-kskzt-1-684AB1AF-B.0
  Category: <nil>
  Status: 
  Reason: 
  IP: 66.249.84.199
  User Agent: Mozilla/5.0 (Windows NT 5.1; rv:11.0) Gecko Firefox/11.0 (via ggpht.com GoogleImageProxy)
2025/06/12 18:01:20 ✅ Successfully processed 1 events
2025/06/12 18:01:31 📝 Raw webhook payload: [{"email":"651463018@crru.ac.th","event":"open","ip":"66.249.84.200","sg_content_type":"html","sg_event_id":"cGeZY5ubRvWK0d058tTDBA","sg_machine_open":false,"sg_message_id":"AEjdP7itQJKXdVHin8DNyQ.recvd-7fd96f4944-kskzt-1-684AB1AF-B.0","timestamp":1749726082,"useragent":"Mozilla/5.0 (Windows NT 5.1; rv:11.0) Gecko Firefox/11.0 (via ggpht.com GoogleImageProxy)"}]
2025/06/12 18:01:31 📨 Event Details:
  Event Type: open
  Email: 651463018@crru.ac.th
  Timestamp: 1749726082
  Message ID: AEjdP7itQJKXdVHin8DNyQ.recvd-7fd96f4944-kskzt-1-684AB1AF-B.0
  Category: <nil>
  Status: 
  Reason: 
  IP: 66.249.84.200
  User Agent: Mozilla/5.0 (Windows NT 5.1; rv:11.0) Gecko Firefox/11.0 (via ggpht.com GoogleImageProxy)
2025/06/12 18:01:31 ✅ Successfully processed 1 events
2025/06/12 18:01:45 📝 Raw webhook payload: [{"email":"651463018@crru.ac.th","event":"open","ip":"66.249.84.194","sg_content_type":"html","sg_event_id":"G8BhRq77RVK3ZfgSXeW9bg","sg_machine_open":false,"sg_message_id":"Wczx9km2S4aHCWyUwOy1-A.recvd-7d86b8fd66-rvwcz-1-684AAE0F-1.0","timestamp":1749726084,"useragent":"Mozilla/5.0 (Windows NT 5.1; rv:11.0) Gecko Firefox/11.0 (via ggpht.com GoogleImageProxy)"}]
2025/06/12 18:01:45 📨 Event Details:
  Event Type: open
  Email: 651463018@crru.ac.th
  Timestamp: 1749726084
  Message ID: Wczx9km2S4aHCWyUwOy1-A.recvd-7d86b8fd66-rvwcz-1-684AAE0F-1.0
  Category: <nil>
  Status: 
  Reason: 
  IP: 66.249.84.194
  User Agent: Mozilla/5.0 (Windows NT 5.1; rv:11.0) Gecko Firefox/11.0 (via ggpht.com GoogleImageProxy)
2025/06/12 18:01:45 ✅ Successfully processed 1 events
2025/06/12 18:01:52 🚀 Server started at :8080
2025/06/12 18:02:19 📨 Event: click | Email: 651463018@crru.ac.th | Status:  | Time: 1749726130
2025/06/12 18:08:43 🚀 Server started at :8080
2025/06/12 18:09:07 📨 Event: click | Email: 651463018@crru.ac.th | Status:  | Time: 1749726537
2025/06/12 18:09:35 📨 Event: open | Email: 651463018@crru.ac.th | Status:  | Time: 1749726568
2025/06/12 18:09:48 📨 Event: click | Email: 651463018@crru.ac.th | Status:  | Time: 1749726572
2025/06/12 18:14:45 📨 Event: deferred | Email: 651463018@crru.ac.th55 | Status:  | Time: 1749726882
2025/06/12 18:14:45 📨 Event: processed | Email: 651463018@crru.ac.th55 | Status:  | Time: 1749726882
2025/06/12 18:15:15 📨 Event: deferred | Email: 651463018@crru.ac.th55 | Status:  | Time: 1749726911
2025/06/12 18:15:47 📨 Event: deferred | Email: 651463018@crru.ac.th55 | Status:  | Time: 1749726938
2025/06/12 18:15:47 📨 Event: processed | Email: 651463018@crru.ac.th55 | Status:  | Time: 1749726938
2025/06/12 18:15:57 📨 Event: deferred | Email: 651463018@crru.ac.th55 | Status:  | Time: 1749726954
2025/06/12 18:16:35 📨 Event: deferred | Email: 651463018@crru.ac.th55 | Status:  | Time: 1749726985
2025/06/12 18:16:37 📨 Event: deferred | Email: 651463018@crru.ac.th55 | Status:  | Time: 1749726989
2025/06/12 18:17:57 📨 Event: deferred | Email: 651463018@crru.ac.th55 | Status:  | Time: 1749727072
2025/06/12 18:18:25 📨 Event: deferred | Email: 651463018@crru.ac.th55 | Status:  | Time: 1749727101
2025/06/12 18:19:15 📨 Event: bounce | Email: 651463018@crru.ac.th55 | Status:  | Time: 1749727152
2025/06/12 18:19:15 ⚠️ Important event detected: bounce
2025/06/12 18:19:15 ✅ Notification sent successfully
2025/06/12 18:19:27 📨 Event: bounce | Email: 651463018@crru.ac.th55 | Status:  | Time: 1749727165
2025/06/12 18:19:27 ⚠️ Important event detected: bounce
2025/06/12 18:19:28 ✅ Notification sent successfully
